Arguments: 
  C:\Program Files\nodejs\node.exe C:\Users\Hp\AppData\Roaming\npm\node_modules\yarn\bin\yarn.js init

PATH: 
  C:\WINDOWS\system32;C:\WINDOWS;C:\WINDOWS\System32\Wbem;C:\WINDOWS\System32\WindowsPowerShell\v1.0\;C:\WINDOWS\System32\OpenSSH\;C:\Program Files\nodejs\;C:\Program Files\Git\cmd;C:\Users\Hp\AppData\Local\Microsoft\WindowsApps;;C:\Users\Hp\AppData\Roaming\npm;C:\Users\Hp\AppData\Local\Programs\Microsoft VS Code\bin;C:\Program Files\heroku\bin

Yarn version: 
  1.22.15

Node version: 
  14.17.3

Platform: 
  win32 x64

Trace: 
  Error: canceled
      at Interface.<anonymous> (C:\Users\Hp\AppData\Roaming\npm\node_modules\yarn\lib\cli.js:137145:13)
      at Interface.emit (events.js:375:28)
      at Interface._ttyWrite (readline.js:910:16)
      at ReadStream.onkeypress (readline.js:235:10)
      at ReadStream.emit (events.js:375:28)
      at emitKeys (internal/readline/utils.js:358:14)
      at emitKeys.next (<anonymous>)
      at ReadStream.onData (readline.js:1179:36)
      at ReadStream.emit (events.js:375:28)
      at addChunk (internal/streams/readable.js:290:12)

npm manifest: 
  {
    "name": "server-ssl",
    "version": "1.0.0",
    "description": "",
    "main": "index.js",
    "scripts": {
      "start": "node.js",
      "start-dev": "nodemon.js",
      "test": "echo \"Error: no test specified\" && exit 1"
    },
    "author": "",
    "license": "ISC",
    "dependencies": {
      "cors": "^2.8.5",
      "dotenv": "^10.0.0",
      "express": "^4.17.1",
      "mongodb": "^4.1.3",
      "sslcommerz": "^1.6.6",
      "uuid": "^8.3.2"
    }
  }

yarn manifest: 
  No manifest

Lockfile: 
  No lockfile
